Using pre-set license
Built from '2020.2/staging' branch; Version is '2020.2.5f1 (e2c53f129de5) revision 14861631'; Using compiler version '192528614'; Build Type 'Release'
OS: 'Windows 10 Home; OS build 19041.804; Version 2004; 64bit' Language: 'en' Physical Memory: 8147 MB
BatchMode: 1, IsHumanControllingUs: 0, StartBugReporterOnCrash: 0, Is64bit: 1, IsPro: 0

 COMMAND LINE ARGUMENTS:
C:\Program Files\Unity\Hub\Editor\2020.2.5f1\Editor\Unity.exe
-adb2
-batchMode
-noUpm
-name
AssetImportWorker2
-projectPath
C:/Users/Emmanuel/Desktop/Workshop Test/Practice Workshop
-logFile
Logs/AssetImportWorker2.log
-srvPort
60396
Successfully changed project path to: C:/Users/Emmanuel/Desktop/Workshop Test/Practice Workshop
C:/Users/Emmanuel/Desktop/Workshop Test/Practice Workshop
Using Asset Import Pipeline V2.
Refreshing native plugins compatible for Editor in 52.31 ms, found 1 plugins.
Preloading 0 native plugins for Editor in 0.00 ms.
Initialize engine version: 2020.2.5f1 (e2c53f129de5)
[Subsystems] Discovering subsystems at path C:/Program Files/Unity/Hub/Editor/2020.2.5f1/Editor/Data/Resources/UnitySubsystems
[Subsystems] Discovering subsystems at path C:/Users/Emmanuel/Desktop/Workshop Test/Practice Workshop/Assets
GfxDevice: creating device client; threaded=0
Direct3D:
    Version:  Direct3D 11.0 [level 11.0]
    Renderer: NVIDIA GeForce GTX 650 Ti (ID=0x11c6)
    Vendor:   
    VRAM:     2007 MB
    Driver:   27.21.14.5671
Initialize mono
Mono path[0] = 'C:/Program Files/Unity/Hub/Editor/2020.2.5f1/Editor/Data/Managed'
Mono path[1] = 'C:/Program Files/Unity/Hub/Editor/2020.2.5f1/Editor/Data/MonoBleedingEdge/lib/mono/unityjit'
Mono config path = 'C:/Program Files/Unity/Hub/Editor/2020.2.5f1/Editor/Data/MonoBleedingEdge/etc'
Using monoOptions --debugger-agent=transport=dt_socket,embedding=1,server=y,suspend=n,address=127.0.0.1:56172
Begin MonoManager ReloadAssembly
Registering precompiled unity dll's ...
Register platform support module: C:/Program Files/Unity/Hub/Editor/2020.2.5f1/Editor/Data/PlaybackEngines/WindowsStandaloneSupport/UnityEditor.WindowsStandalone.Extensions.dll
Registered in 0.003027 seconds.
Native extension for WindowsStandalone target not found
Refreshing native plugins compatible for Editor in 50.78 ms, found 1 plugins.
Preloading 0 native plugins for Editor in 0.00 ms.
Invoked RoslynAnalysisRunner static constructor.
RoslynAnalysisRunner will not be running.
RoslynAnalysisRunner has terminated.
Mono: successfully reloaded assembly
- Completed reload, in  1.468 seconds
Platform modules already initialized, skipping
Registering precompiled user dll's ...
Registered in 0.001294 seconds.
Begin MonoManager ReloadAssembly
Native extension for WindowsStandalone target not found
Refreshing native plugins compatible for Editor in 53.62 ms, found 1 plugins.
Preloading 0 native plugins for Editor in 0.00 ms.
Invoked RoslynAnalysisRunner static constructor.
RoslynAnalysisRunner will not be running.
RoslynAnalysisRunner has terminated.
Mono: successfully reloaded assembly
- Completed reload, in  3.813 seconds
Platform modules already initialized, skipping
========================================================================
Worker process is ready to serve import requests
Launched and connected shader compiler UnityShaderCompiler.exe after 0.54 seconds
Refreshing native plugins compatible for Editor in 0.40 ms, found 1 plugins.
Preloading 0 native plugins for Editor in 0.00 ms.
Unloading 1772 Unused Serialized files (Serialized files now loaded: 0)
System memory in use before: 83.8 MB.
System memory in use after: 83.8 MB.

Unloading 19 unused Assets to reduce memory usage. Loaded Objects now: 2218.
Total: 3.065300 ms (FindLiveObjects: 0.294800 ms CreateObjectMapping: 0.196800 ms MarkObjects: 2.491600 ms  DeleteObjects: 0.080400 ms)

========================================================================
Received Import Request.
  path: Assets/Materials/New Material.mat
  artifactKey: Guid(3b5c0d51f91bd2740b376f8c0a7d2d06) Importer(815301076,1909f56bfc062723c751e8b465ee728b)
Start importing Assets/Materials/New Material.mat using Guid(3b5c0d51f91bd2740b376f8c0a7d2d06) Importer(815301076,1909f56bfc062723c751e8b465ee728b)  -> (artifact id: '87d51546afb8519162e128e6d8902696') in 5.069906 seconds
  Import took 5.074357 seconds .

========================================================================
Received Import Request.
  Time since last request: 39.107380 seconds.
  path: Assets/Materials
  artifactKey: Guid(a1dbb61c45e009e43b7a4277198b23ef) Importer(815301076,1909f56bfc062723c751e8b465ee728b)
Start importing Assets/Materials using Guid(a1dbb61c45e009e43b7a4277198b23ef) Importer(815301076,1909f56bfc062723c751e8b465ee728b)  -> (artifact id: 'cebb4b18723c50da3b86677463c4b7f8') in 0.015808 seconds
  Import took 0.022703 seconds .

========================================================================
Received Import Request.
  Time since last request: 4.327098 seconds.
  path: Assets/Materials/Maps
  artifactKey: Guid(5237afff6c94a804eb817b1ecb492ebe) Importer(815301076,1909f56bfc062723c751e8b465ee728b)
Start importing Assets/Materials/Maps using Guid(5237afff6c94a804eb817b1ecb492ebe) Importer(815301076,1909f56bfc062723c751e8b465ee728b)  -> (artifact id: '89327d9db63cc80cd9ac215c51199986') in 0.018889 seconds
  Import took 0.064274 seconds .

========================================================================
Received Import Request.
  Time since last request: 69.146406 seconds.
  path: Assets/Materials/Maps/Fingerprints_03_rend.jpg
  artifactKey: Guid(788f5e38c0b13e7479b98570c9434dae) Importer(815301076,1909f56bfc062723c751e8b465ee728b)
Start importing Assets/Materials/Maps/Fingerprints_03_rend.jpg using Guid(788f5e38c0b13e7479b98570c9434dae) Importer(815301076,1909f56bfc062723c751e8b465ee728b)  -> (artifact id: 'd7db34ae76a48efbff19ea5a8c206839') in 0.240341 seconds
  Import took 0.244812 seconds .

========================================================================
Received Import Request.
  Time since last request: 0.048780 seconds.
  path: Assets/Materials/Maps/Fingerprints_03_rend.jpg
  artifactKey: Guid(788f5e38c0b13e7479b98570c9434dae) Importer(815301076,1909f56bfc062723c751e8b465ee728b)
Start importing Assets/Materials/Maps/Fingerprints_03_rend.jpg using Guid(788f5e38c0b13e7479b98570c9434dae) Importer(815301076,1909f56bfc062723c751e8b465ee728b)  -> (artifact id: 'd7db34ae76a48efbff19ea5a8c206839') in 0.021687 seconds
  Import took 0.026544 seconds .

========================================================================
Received Import Request.
  Time since last request: 65.459320 seconds.
  path: Assets/Materials/Maps/Fingerprints_03_rend.jpg
  artifactKey: Guid(788f5e38c0b13e7479b98570c9434dae) Importer(815301076,1909f56bfc062723c751e8b465ee728b)
Start importing Assets/Materials/Maps/Fingerprints_03_rend.jpg using Guid(788f5e38c0b13e7479b98570c9434dae) Importer(815301076,1909f56bfc062723c751e8b465ee728b)  -> (artifact id: '5e88ceec579cae13827dce30f5fc7a1a') in 0.072090 seconds
  Import took 0.076943 seconds .

========================================================================
Received Import Request.
  Time since last request: 3143.555924 seconds.
  path: Assets/Scripts
  artifactKey: Guid(e42cec6718c341649817dfefc3ab7788) Importer(815301076,1909f56bfc062723c751e8b465ee728b)
Start importing Assets/Scripts using Guid(e42cec6718c341649817dfefc3ab7788) Importer(815301076,1909f56bfc062723c751e8b465ee728b)  -> (artifact id: '9de8186e704e4da78dd47a62441d31bc') in 0.014023 seconds
  Import took 0.042173 seconds .

========================================================================
Received Import Request.
  Time since last request: 104.207769 seconds.
  path: Assets/Scripts/Player Scripts
  artifactKey: Guid(74aa375bf37df8149aaf921f3be4e2b1) Importer(815301076,1909f56bfc062723c751e8b465ee728b)
Start importing Assets/Scripts/Player Scripts using Guid(74aa375bf37df8149aaf921f3be4e2b1) Importer(815301076,1909f56bfc062723c751e8b465ee728b)  -> (artifact id: '086184de9bce8401130a88d1e032c054') in 0.015051 seconds
  Import took 0.019883 seconds .

========================================================================
Received Import Request.
  Time since last request: 34.113439 seconds.
  path: Assets/Scripts/Player Scripts/scr_Health.cs
  artifactKey: Guid(d18c767745148904abf9d49ac1b9d953) Importer(815301076,1909f56bfc062723c751e8b465ee728b)
Start importing Assets/Scripts/Player Scripts/scr_Health.cs using Guid(d18c767745148904abf9d49ac1b9d953) Importer(815301076,1909f56bfc062723c751e8b465ee728b)  -> (artifact id: '41ebd0bd2f3c0a79380e660ea954b14a') in 0.194970 seconds
  Import took 0.224212 seconds .

========================================================================
Received Prepare
Registering precompiled user dll's ...
Registered in 0.002430 seconds.
Begin MonoManager ReloadAssembly
Native extension for WindowsStandalone target not found
Refreshing native plugins compatible for Editor in 0.42 ms, found 1 plugins.
Preloading 0 native plugins for Editor in 0.00 ms.
Invoked RoslynAnalysisRunner static constructor.
RoslynAnalysisRunner will not be running.
RoslynAnalysisRunner has terminated.
Mono: successfully reloaded assembly
- Completed reload, in  1.267 seconds
Platform modules already initialized, skipping
Refreshing native plugins compatible for Editor in 0.41 ms, found 1 plugins.
Preloading 0 native plugins for Editor in 0.00 ms.
Unloading 1763 Unused Serialized files (Serialized files now loaded: 0)
System memory in use before: 86.8 MB.
System memory in use after: 86.9 MB.

Unloading 8 unused Assets to reduce memory usage. Loaded Objects now: 2265.
Total: 2.310400 ms (FindLiveObjects: 0.199100 ms CreateObjectMapping: 0.074200 ms MarkObjects: 2.010700 ms  DeleteObjects: 0.025000 ms)

========================================================================
Received Import Request.
  Time since last request: 771.349542 seconds.
  path: Assets/Scripts/Player Scripts/scr_Movement.cs
  artifactKey: Guid(817a08b50f735d54e9ab2e522104e70f) Importer(815301076,1909f56bfc062723c751e8b465ee728b)
Start importing Assets/Scripts/Player Scripts/scr_Movement.cs using Guid(817a08b50f735d54e9ab2e522104e70f) Importer(815301076,1909f56bfc062723c751e8b465ee728b)  -> (artifact id: '0faded2453abf1e54c356a5b4caaf8b2') in 0.022215 seconds
  Import took 0.027039 seconds .

========================================================================
Received Import Request.
  Time since last request: 0.001585 seconds.
  path: Assets/Scripts/Player Scripts/scr_Movement.cs
  artifactKey: Guid(817a08b50f735d54e9ab2e522104e70f) Importer(815301076,1909f56bfc062723c751e8b465ee728b)
Start importing Assets/Scripts/Player Scripts/scr_Movement.cs using Guid(817a08b50f735d54e9ab2e522104e70f) Importer(815301076,1909f56bfc062723c751e8b465ee728b)  -> (artifact id: '0faded2453abf1e54c356a5b4caaf8b2') in 0.011533 seconds
  Import took 0.020164 seconds .

========================================================================
Received Prepare
Registering precompiled user dll's ...
Registered in 0.001321 seconds.
Begin MonoManager ReloadAssembly
Native extension for WindowsStandalone target not found
Refreshing native plugins compatible for Editor in 0.43 ms, found 1 plugins.
Preloading 0 native plugins for Editor in 0.00 ms.
Invoked RoslynAnalysisRunner static constructor.
RoslynAnalysisRunner will not be running.
RoslynAnalysisRunner has terminated.
Mono: successfully reloaded assembly
- Completed reload, in  1.168 seconds
Platform modules already initialized, skipping
Refreshing native plugins compatible for Editor in 0.71 ms, found 1 plugins.
Preloading 0 native plugins for Editor in 0.00 ms.
Unloading 1764 Unused Serialized files (Serialized files now loaded: 0)
System memory in use before: 86.8 MB.
System memory in use after: 86.9 MB.

Unloading 8 unused Assets to reduce memory usage. Loaded Objects now: 2268.
Total: 3.021500 ms (FindLiveObjects: 0.299100 ms CreateObjectMapping: 0.212500 ms MarkObjects: 2.476100 ms  DeleteObjects: 0.031700 ms)

========================================================================
Received Prepare
Registering precompiled user dll's ...
Registered in 0.001576 seconds.
Begin MonoManager ReloadAssembly
Native extension for WindowsStandalone target not found
Refreshing native plugins compatible for Editor in 0.44 ms, found 1 plugins.
Preloading 0 native plugins for Editor in 0.00 ms.
Invoked RoslynAnalysisRunner static constructor.
RoslynAnalysisRunner will not be running.
RoslynAnalysisRunner has terminated.
Mono: successfully reloaded assembly
- Completed reload, in  1.205 seconds
Platform modules already initialized, skipping
Refreshing native plugins compatible for Editor in 0.41 ms, found 1 plugins.
Preloading 0 native plugins for Editor in 0.00 ms.
Unloading 1762 Unused Serialized files (Serialized files now loaded: 0)
System memory in use before: 86.8 MB.
System memory in use after: 86.9 MB.

Unloading 8 unused Assets to reduce memory usage. Loaded Objects now: 2270.
Total: 2.307700 ms (FindLiveObjects: 0.197400 ms CreateObjectMapping: 0.075200 ms MarkObjects: 2.007900 ms  DeleteObjects: 0.025600 ms)

========================================================================
Received Import Request.
  Time since last request: 150.211322 seconds.
  path: Assets/Scripts/Player Scripts/SCR_Health.cs
  artifactKey: Guid(d18c767745148904abf9d49ac1b9d953) Importer(815301076,1909f56bfc062723c751e8b465ee728b)
Start importing Assets/Scripts/Player Scripts/SCR_Health.cs using Guid(d18c767745148904abf9d49ac1b9d953) Importer(815301076,1909f56bfc062723c751e8b465ee728b)  -> (artifact id: '6904b60531e192fd5b4fd4012a007548') in 0.016101 seconds
  Import took 0.021135 seconds .

========================================================================
Received Prepare
Registering precompiled user dll's ...
Registered in 0.002893 seconds.
Begin MonoManager ReloadAssembly
Native extension for WindowsStandalone target not found
Refreshing native plugins compatible for Editor in 0.42 ms, found 1 plugins.
Preloading 0 native plugins for Editor in 0.00 ms.
Invoked RoslynAnalysisRunner static constructor.
RoslynAnalysisRunner will not be running.
RoslynAnalysisRunner has terminated.
Mono: successfully reloaded assembly
- Completed reload, in  1.441 seconds
Platform modules already initialized, skipping
Refreshing native plugins compatible for Editor in 0.42 ms, found 1 plugins.
Preloading 0 native plugins for Editor in 0.00 ms.
Unloading 1763 Unused Serialized files (Serialized files now loaded: 0)
System memory in use before: 86.8 MB.
System memory in use after: 87.0 MB.

Unloading 8 unused Assets to reduce memory usage. Loaded Objects now: 2272.
Total: 4.748500 ms (FindLiveObjects: 0.308300 ms CreateObjectMapping: 0.154800 ms MarkObjects: 4.247200 ms  DeleteObjects: 0.035100 ms)

========================================================================
Received Import Request.
  Time since last request: 381.755700 seconds.
  path: Assets
  artifactKey: Guid(00000000000000001000000000000000) Importer(815301076,1909f56bfc062723c751e8b465ee728b)
Start importing Assets using Guid(00000000000000001000000000000000) Importer(815301076,1909f56bfc062723c751e8b465ee728b)  -> (artifact id: '29f2a2471e7245fbc0aa931fa5cf45b7') in 0.019321 seconds
  Import took 0.024354 seconds .

========================================================================
Received Import Request.
  Time since last request: 10.168865 seconds.
  path: Assets/Prefabs
  artifactKey: Guid(d1e754bd47c8abe4f97b11222d0e3f0d) Importer(815301076,1909f56bfc062723c751e8b465ee728b)
Start importing Assets/Prefabs using Guid(d1e754bd47c8abe4f97b11222d0e3f0d) Importer(815301076,1909f56bfc062723c751e8b465ee728b)  -> (artifact id: '268381c81888b0429c9ac13f02d83207') in 0.012418 seconds
  Import took 0.017722 seconds .

========================================================================
Received Import Request.
  Time since last request: 0.002072 seconds.
  path: Assets/Prefabs
  artifactKey: Guid(d1e754bd47c8abe4f97b11222d0e3f0d) Importer(815301076,1909f56bfc062723c751e8b465ee728b)
Start importing Assets/Prefabs using Guid(d1e754bd47c8abe4f97b11222d0e3f0d) Importer(815301076,1909f56bfc062723c751e8b465ee728b)  -> (artifact id: '268381c81888b0429c9ac13f02d83207') in 0.005033 seconds
  Import took 0.010675 seconds .

========================================================================
Received Import Request.
  Time since last request: 679.317611 seconds.
  path: Assets/Scripts/Player Scripts/SCR_Movement.cs
  artifactKey: Guid(817a08b50f735d54e9ab2e522104e70f) Importer(815301076,1909f56bfc062723c751e8b465ee728b)
Start importing Assets/Scripts/Player Scripts/SCR_Movement.cs using Guid(817a08b50f735d54e9ab2e522104e70f) Importer(815301076,1909f56bfc062723c751e8b465ee728b)  -> (artifact id: '15051146cae77815a77865a9f0adfd7e') in 0.020800 seconds
  Import took 0.032973 seconds .

========================================================================
Received Prepare
Registering precompiled user dll's ...
Registered in 0.001453 seconds.
Begin MonoManager ReloadAssembly
Native extension for WindowsStandalone target not found
Refreshing native plugins compatible for Editor in 0.43 ms, found 1 plugins.
Preloading 0 native plugins for Editor in 0.00 ms.
Invoked RoslynAnalysisRunner static constructor.
RoslynAnalysisRunner will not be running.
RoslynAnalysisRunner has terminated.
Mono: successfully reloaded assembly
- Completed reload, in  1.208 seconds
Platform modules already initialized, skipping
Refreshing native plugins compatible for Editor in 0.41 ms, found 1 plugins.
Preloading 0 native plugins for Editor in 0.00 ms.
Unloading 1764 Unused Serialized files (Serialized files now loaded: 0)
System memory in use before: 86.9 MB.
System memory in use after: 87.0 MB.

Unloading 8 unused Assets to reduce memory usage. Loaded Objects now: 2274.
Total: 2.531600 ms (FindLiveObjects: 0.301000 ms CreateObjectMapping: 0.082100 ms MarkObjects: 2.118500 ms  DeleteObjects: 0.028600 ms)

========================================================================
Received Prepare
Registering precompiled user dll's ...
Registered in 0.011831 seconds.
Begin MonoManager ReloadAssembly
Native extension for WindowsStandalone target not found
Refreshing native plugins compatible for Editor in 0.57 ms, found 1 plugins.
Preloading 0 native plugins for Editor in 0.00 ms.
Invoked RoslynAnalysisRunner static constructor.
RoslynAnalysisRunner will not be running.
RoslynAnalysisRunner has terminated.
Mono: successfully reloaded assembly
- Completed reload, in  1.217 seconds
Platform modules already initialized, skipping
Refreshing native plugins compatible for Editor in 0.41 ms, found 1 plugins.
Preloading 0 native plugins for Editor in 0.00 ms.
Unloading 1765 Unused Serialized files (Serialized files now loaded: 0)
System memory in use before: 86.9 MB.
System memory in use after: 87.0 MB.

Unloading 8 unused Assets to reduce memory usage. Loaded Objects now: 2277.
Total: 2.424700 ms (FindLiveObjects: 0.217300 ms CreateObjectMapping: 0.086600 ms MarkObjects: 2.094700 ms  DeleteObjects: 0.024300 ms)

========================================================================
Received Prepare
Registering precompiled user dll's ...
Registered in 0.006631 seconds.
Begin MonoManager ReloadAssembly
Native extension for WindowsStandalone target not found
Refreshing native plugins compatible for Editor in 0.45 ms, found 1 plugins.
Preloading 0 native plugins for Editor in 0.00 ms.
Invoked RoslynAnalysisRunner static constructor.
RoslynAnalysisRunner will not be running.
RoslynAnalysisRunner has terminated.
Mono: successfully reloaded assembly
- Completed reload, in  1.211 seconds
Platform modules already initialized, skipping
Refreshing native plugins compatible for Editor in 0.41 ms, found 1 plugins.
Preloading 0 native plugins for Editor in 0.00 ms.
Unloading 1765 Unused Serialized files (Serialized files now loaded: 0)
System memory in use before: 86.9 MB.
System memory in use after: 87.0 MB.

Unloading 8 unused Assets to reduce memory usage. Loaded Objects now: 2279.
Total: 2.299700 ms (FindLiveObjects: 0.196600 ms CreateObjectMapping: 0.083500 ms MarkObjects: 1.992200 ms  DeleteObjects: 0.025800 ms)

========================================================================
Received Import Request.
  Time since last request: 1435.527953 seconds.
  path: Assets/Prefabs/Bullet.prefab
  artifactKey: Guid(eac81b1b0aaf69f48b602c3dc9239c77) Importer(815301076,1909f56bfc062723c751e8b465ee728b)
Start importing Assets/Prefabs/Bullet.prefab using Guid(eac81b1b0aaf69f48b602c3dc9239c77) Importer(815301076,1909f56bfc062723c751e8b465ee728b)  -> (artifact id: '3840a258377fae7358d0b1f752e21d5a') in 0.386772 seconds
  Import took 0.400604 seconds .

========================================================================
Received Import Request.
  Time since last request: 16.926907 seconds.
  path: Assets/Prefabs/Bullet.prefab
  artifactKey: Guid(eac81b1b0aaf69f48b602c3dc9239c77) Importer(815301076,1909f56bfc062723c751e8b465ee728b)
Start importing Assets/Prefabs/Bullet.prefab using Guid(eac81b1b0aaf69f48b602c3dc9239c77) Importer(815301076,1909f56bfc062723c751e8b465ee728b)  -> (artifact id: '4c687ed8dd2310f8f11bb64db685ab19') in 0.016794 seconds
  Import took 0.022705 seconds .

========================================================================
Received Import Request.
  Time since last request: 13.895680 seconds.
  path: Assets/Prefabs/Bullet.prefab
  artifactKey: Guid(eac81b1b0aaf69f48b602c3dc9239c77) Importer(815301076,1909f56bfc062723c751e8b465ee728b)
Start importing Assets/Prefabs/Bullet.prefab using Guid(eac81b1b0aaf69f48b602c3dc9239c77) Importer(815301076,1909f56bfc062723c751e8b465ee728b)  -> (artifact id: '42aa9ac4f30d8ae63be2ccdb01344501') in 0.018276 seconds
  Import took 0.023584 seconds .

AssetImportWorkerClient::OnTransportError - code=2 error=End of file
